Arguments: 
  /usr/local/bin/node /usr/local/Cellar/yarn/1.5.1_1/libexec/bin/yarn.js encore dev --watch

PATH: 
  /usr/local/bin:/usr/bin:/bin:/usr/sbin:/sbin:/usr/local/share/dotnet:/Library/Frameworks/Mono.framework/Versions/Current/Commands

Yarn version: 
  1.5.1

Node version: 
  9.2.0

Platform: 
  darwin x64

npm manifest: 
  {
      "devDependencies": {
          "@symfony/webpack-encore": "^0.17.0"
      },
      "license": "UNLICENSED",
      "private": true,
      "scripts": {
          "dev-server": "encore dev-server",
          "dev": "encore dev",
          "watch": "encore dev --watch",
          "build": "encore production"
      },
      "dependencies": {
          "bootstrap": "^4.0.0",
          "popper.js": "^1.14.1"
      }
  }

yarn manifest: 
  No manifest

Lockfile: 
  No lockfile

Trace: 
  Error: Command failed.
  Exit code: 1
  Command: sh
  Arguments: -c /Users/mael/Sites/Wooly/node_modules/.bin/encore dev --watch
  Directory: /Users/mael/Sites/Wooly
  Output:
  
      at ProcessTermError.MessageError (/usr/local/Cellar/yarn/1.5.1_1/libexec/lib/cli.js:186:110)
      at new ProcessTermError (/usr/local/Cellar/yarn/1.5.1_1/libexec/lib/cli.js:226:113)
      at ChildProcess.<anonymous> (/usr/local/Cellar/yarn/1.5.1_1/libexec/lib/cli.js:30281:17)
      at ChildProcess.emit (events.js:159:13)
      at maybeClose (internal/child_process.js:943:16)
      at Process.ChildProcess._handle.onexit (internal/child_process.js:220:5)
